<?xml version="1.0" encoding="UTF-8"?>
<!-- Generated by org.testng.reporters.JUnitReportReporter -->
<testsuite hostname="DESKTOP-ET3V8KL" failures="0" tests="5" name="com.DataProvidersOfTestng.Dataprovider" time="0.025" errors="0" timestamp="08 Aug 2020 09:01:34 GMT" skipped="0">
  <testcase classname="com.DataProvidersOfTestng.Dataprovider" name="m1" time="0.002"/>
  <testcase classname="com.DataProvidersOfTestng.Dataprovider" name="m1" time="0.005"/>
  <testcase classname="com.DataProvidersOfTestng.Dataprovider" name="m1" time="0.003"/>
  <testcase classname="com.DataProvidersOfTestng.Dataprovider" name="m1" time="0.003"/>
  <testcase classname="com.DataProvidersOfTestng.Dataprovider" name="m1" time="0.012"/>
</testsuite> <!-- com.DataProvidersOfTestng.Dataprovider -->
