<?xml version="1.0" encoding="UTF-8"?>
<!-- Generated by org.testng.reporters.JUnitReportReporter -->
<testsuite hostname="DESKTOP-ET3V8KL" failures="0" tests="4" name="com.DataProvidersOfTestng.DataProviderforclass" time="0.022" errors="0" timestamp="16 Jul 2020 11:21:09 GMT" skipped="0">
  <testcase classname="com.DataProvidersOfTestng.DataProviderforclass" name="signin" time="0.016"/>
  <testcase classname="com.DataProvidersOfTestng.DataProviderforclass" name="signin" time="0.002"/>
  <testcase classname="com.DataProvidersOfTestng.DataProviderforclass" name="signin" time="0.002"/>
  <testcase classname="com.DataProvidersOfTestng.DataProviderforclass" name="signin" time="0.002"/>
</testsuite> <!-- com.DataProvidersOfTestng.DataProviderforclass -->
